0 info it worked if it ends with ok
1 verbose cli [ 'C:\\Program Files\\nodejs\\node.exe',
1 verbose cli   'C:\\Program Files\\nodejs\\node_modules\\npm\\bin\\npm-cli.js',
1 verbose cli   'publish' ]
2 info using npm@3.10.10
3 info using node@v6.9.4
4 verbose publish [ '.' ]
5 silly cache add args [ '.', null ]
6 verbose cache add spec .
7 silly cache add parsed spec Result {
7 silly cache add   raw: '.',
7 silly cache add   scope: null,
7 silly cache add   escapedName: null,
7 silly cache add   name: null,
7 silly cache add   rawSpec: '.',
7 silly cache add   spec: 'C:\\Users\\ddupl\\OneDrive\\Documents\\Personal\\code\\homebridge-mqttAlarm',
7 silly cache add   type: 'directory' }
8 verbose addLocalDirectory C:\Users\ddupl\AppData\Roaming\npm-cache\homebridge-mqttAlarm\0.0.2\package.tgz not in flight; packing
9 verbose correctMkdir C:\Users\ddupl\AppData\Roaming\npm-cache correctMkdir not in flight; initializing
10 info lifecycle homebridge-mqttAlarm@0.0.2~prepublish: homebridge-mqttAlarm@0.0.2
11 silly lifecycle homebridge-mqttAlarm@0.0.2~prepublish: no script for prepublish, continuing
12 verbose tar pack [ 'C:\\Users\\ddupl\\AppData\\Roaming\\npm-cache\\homebridge-mqttAlarm\\0.0.2\\package.tgz',
12 verbose tar pack   'C:\\Users\\ddupl\\OneDrive\\Documents\\Personal\\code\\homebridge-mqttAlarm' ]
13 verbose tarball C:\Users\ddupl\AppData\Roaming\npm-cache\homebridge-mqttAlarm\0.0.2\package.tgz
14 verbose folder C:\Users\ddupl\OneDrive\Documents\Personal\code\homebridge-mqttAlarm
15 verbose addLocalTarball adding from inside cache C:\Users\ddupl\AppData\Roaming\npm-cache\homebridge-mqttAlarm\0.0.2\package.tgz
16 verbose correctMkdir C:\Users\ddupl\AppData\Roaming\npm-cache correctMkdir not in flight; initializing
17 silly cache afterAdd homebridge-mqttAlarm@0.0.2
18 verbose afterAdd C:\Users\ddupl\AppData\Roaming\npm-cache\homebridge-mqttAlarm\0.0.2\package\package.json not in flight; writing
19 verbose correctMkdir C:\Users\ddupl\AppData\Roaming\npm-cache correctMkdir not in flight; initializing
20 verbose afterAdd C:\Users\ddupl\AppData\Roaming\npm-cache\homebridge-mqttAlarm\0.0.2\package\package.json written
21 silly publish { name: 'homebridge-mqttAlarm',
21 silly publish   version: '0.0.2',
21 silly publish   description: 'Homebridge plugin for MQTT Alarm',
21 silly publish   note: 'peerDependencies is hardcoded to peerDepdendencies in homebridge!!!',
21 silly publish   main: 'index.js',
21 silly publish   scripts:
21 silly publish    { test: 'echo "Error: no test specified" && exit 1',
21 silly publish      start: 'echo "Error: configure and run homebridge to start" && exit 1' },
21 silly publish   engines: { node: '>4.0.0', homebridge: '>=0.2.0' },
21 silly publish   repository:
21 silly publish    { type: 'git',
21 silly publish      url: 'git+https://github.com/DanieduPlessis/homebridge-mqttAlarm.git' },
21 silly publish   keywords: [ 'homebridge-plugin', 'MQTT', 'homekit', 'Siri', 'IoT', 'Switch' ],
21 silly publish   dependencies: { mqtt: '^1.6.3' },
21 silly publish   author: { name: 'Danie du Plessis' },
21 silly publish   license: 'GPL2',
21 silly publish   bugs: { url: 'https://github.com/DanieduPlessis/homebridge-mqttAlarm' },
21 silly publish   homepage: 'https://github.com/DanieduPlessis/homebridge-mqttAlarm',
21 silly publish   readme: '# homebridge-mqttalarm\r\nHomebridge plugin for Alarm connected via MQTT\r\n',
21 silly publish   readmeFilename: 'README.md',
21 silly publish   gitHead: '8996f9cc8a2ebbb016c4abcfb251e83bb1ae6911',
21 silly publish   _id: 'homebridge-mqttAlarm@0.0.2',
21 silly publish   _shasum: 'b0de0dfa618efb02ce18437cf2f9e1f3ff48c663',
21 silly publish   _from: '.' }
22 verbose getPublishConfig undefined
23 silly mapToRegistry name homebridge-mqttAlarm
24 silly mapToRegistry using default registry
25 silly mapToRegistry registry https://registry.npmjs.org/
26 silly mapToRegistry data Result {
26 silly mapToRegistry   raw: 'homebridge-mqttAlarm',
26 silly mapToRegistry   scope: null,
26 silly mapToRegistry   escapedName: 'homebridge-mqttAlarm',
26 silly mapToRegistry   name: 'homebridge-mqttAlarm',
26 silly mapToRegistry   rawSpec: '',
26 silly mapToRegistry   spec: 'latest',
26 silly mapToRegistry   type: 'tag' }
27 silly mapToRegistry uri https://registry.npmjs.org/homebridge-mqttAlarm
28 verbose publish registryBase https://registry.npmjs.org/
29 silly publish uploading C:\Users\ddupl\AppData\Roaming\npm-cache\homebridge-mqttAlarm\0.0.2\package.tgz
30 verbose request uri https://registry.npmjs.org/homebridge-mqttAlarm
31 verbose request sending authorization for write operation
32 info attempt registry request try #1 at 2:53:12 PM
33 verbose request using bearer token for auth
34 verbose request id b615928b5691bf89
35 http request PUT https://registry.npmjs.org/homebridge-mqttAlarm
36 http 400 https://registry.npmjs.org/homebridge-mqttAlarm
37 verbose headers { 'content-type': 'application/json',
37 verbose headers   'cache-control': 'max-age=300',
37 verbose headers   'content-length': '64',
37 verbose headers   'accept-ranges': 'bytes',
37 verbose headers   date: 'Fri, 23 Jun 2017 12:53:17 GMT',
37 verbose headers   via: '1.1 varnish',
37 verbose headers   connection: 'keep-alive',
37 verbose headers   'x-served-by': 'cache-lhr6346-LHR',
37 verbose headers   'x-cache': 'MISS',
37 verbose headers   'x-cache-hits': '0',
37 verbose headers   'x-timer': 'S1498222397.937782,VS0,VE861',
37 verbose headers   vary: 'Accept-Encoding' }
38 verbose request invalidating C:\Users\ddupl\AppData\Roaming\npm-cache\registry.npmjs.org\homebridge-mqttAlarm on PUT
39 error publish Failed PUT 400
40 verbose stack Error: "homebridge-mqttAlarm" is invalid for new packages : homebridge-mqttAlarm
40 verbose stack     at makeError (C:\Program Files\nodejs\node_modules\npm\node_modules\npm-registry-client\lib\request.js:302:12)
40 verbose stack     at CachingRegistryClient.<anonymous> (C:\Program Files\nodejs\node_modules\npm\node_modules\npm-registry-client\lib\request.js:290:14)
40 verbose stack     at Request._callback (C:\Program Files\nodejs\node_modules\npm\node_modules\npm-registry-client\lib\request.js:210:14)
40 verbose stack     at Request.self.callback (C:\Program Files\nodejs\node_modules\npm\node_modules\request\request.js:187:22)
40 verbose stack     at emitTwo (events.js:106:13)
40 verbose stack     at Request.emit (events.js:191:7)
40 verbose stack     at Request.<anonymous> (C:\Program Files\nodejs\node_modules\npm\node_modules\request\request.js:1048:10)
40 verbose stack     at emitOne (events.js:96:13)
40 verbose stack     at Request.emit (events.js:188:7)
40 verbose stack     at IncomingMessage.<anonymous> (C:\Program Files\nodejs\node_modules\npm\node_modules\request\request.js:969:12)
41 verbose statusCode 400
42 verbose pkgid homebridge-mqttAlarm
43 verbose cwd C:\Users\ddupl\OneDrive\Documents\Personal\code\homebridge-mqttAlarm
44 error Windows_NT 10.0.15063
45 error argv "C:\\Program Files\\nodejs\\node.exe" "C:\\Program Files\\nodejs\\node_modules\\npm\\bin\\npm-cli.js" "publish"
46 error node v6.9.4
47 error npm  v3.10.10
48 error code E400
49 error "homebridge-mqttAlarm" is invalid for new packages : homebridge-mqttAlarm
50 error If you need help, you may report this error at:
50 error     <https://github.com/npm/npm/issues>
51 verbose exit [ 1, true ]
